<?xml version="1.0" encoding="UTF-8"?>
<!-- Generated by org.testng.reporters.JUnitReportReporter -->
<testsuite skipped="0" hostname="DESKTOP-CJOEA1H" name="Homepagetest" tests="1" failures="0" timestamp="2023-03-02T12:28:07 IST" time="12.352" errors="0">
  <testcase name="verifytitle" time="12.352" classname="Homepagetest"/>
  <system-out/>
</testsuite> <!-- Homepagetest -->
